  [1m[36m (133.2ms)[0m  [1mCREATE TABLE "schema_migrations" ("version" varchar NOT NULL) [0m
  [1m[35m (0.1ms)[0m  select sqlite_version(*)
  [1m[36m (121.3ms)[0m  [1mCREATE UNIQUE INDEX "unique_schema_migrations" ON "schema_migrations" ("version")[0m
  [1m[35mActiveRecord::SchemaMigration Load (0.1ms)[0m  SELECT "schema_migrations".* FROM "schema_migrations"
Migrating to CreateUploadFiles (20161001053419)
  [1m[36m (0.1ms)[0m  [1mbegin transaction[0m
  [1m[35m (0.4ms)[0m  CREATE TABLE "upload_files" ("id" INTEGER PRIMARY KEY AUTOINCREMENT NOT NULL, "zip_file_a_file_name" varchar, "zip_file_a_content_type" varchar, "zip_file_a_file_size" integer, "zip_file_a_updated_at" datetime, "created_at" datetime NOT NULL, "updated_at" datetime NOT NULL) 
  [1m[36mSQL (0.2ms)[0m  [1mINSERT INTO "schema_migrations" ("version") VALUES (?)[0m  [["version", "20161001053419"]]
  [1m[35m (116.8ms)[0m  commit transaction
  [1m[36mActiveRecord::SchemaMigration Load (0.1ms)[0m  [1mSELECT "schema_migrations".* FROM "schema_migrations"[0m


Started GET "/" for 127.0.0.1 at 2016-10-01 11:12:43 +0530
  [1m[36mActiveRecord::SchemaMigration Load (0.1ms)[0m  [1mSELECT "schema_migrations".* FROM "schema_migrations"[0m
Processing by Rails::WelcomeController#index as HTML
  Rendered /home/harry/.rvm/gems/ruby-2.2.1/gems/railties-4.2.4/lib/rails/templates/rails/welcome/index.html.erb (2.5ms)
Completed 200 OK in 67ms (Views: 44.1ms | ActiveRecord: 0.0ms)


Started GET "/upload_files" for 127.0.0.1 at 2016-10-01 11:12:48 +0530
Processing by UploadFilesController#index as HTML
  [1m[35mUploadFile Load (0.2ms)[0m  SELECT "upload_files".* FROM "upload_files"
  Rendered upload_files/index.html.erb within layouts/application (2.5ms)
Completed 200 OK in 1644ms (Views: 1640.5ms | ActiveRecord: 0.3ms)


Started GET "/assets/scaffolds.self-1e1be218744ffc8b17e080e8c65d69006a0323894de7049c32cd53cec1df7727.css?body=1" for 127.0.0.1 at 2016-10-01 11:12:50 +0530


Started GET "/assets/upload_files.self-e3b0c44298fc1c149afbf4c8996fb92427ae41e4649b934ca495991b7852b855.css?body=1" for 127.0.0.1 at 2016-10-01 11:12:50 +0530


Started GET "/assets/upload_files.self-877aef30ae1b040ab8a3aba4e3e309a11d7f2612f44dde450b5c157aa5f95c05.js?body=1" for 127.0.0.1 at 2016-10-01 11:12:50 +0530


Started GET "/upload_files/new" for 127.0.0.1 at 2016-10-01 11:12:52 +0530
Processing by UploadFilesController#new as HTML
  Rendered upload_files/_form.html.erb (126.9ms)
  Rendered upload_files/new.html.erb within layouts/application (228.4ms)
Completed 200 OK in 255ms (Views: 246.1ms | ActiveRecord: 0.6ms)


Started GET "/upload_files/new" for 127.0.0.1 at 2016-10-01 11:14:07 +0530
Processing by UploadFilesController#new as HTML
  Rendered upload_files/_form.html.erb (26.6ms)
  Rendered upload_files/new.html.erb within layouts/application (27.7ms)
Completed 200 OK in 45ms (Views: 43.6ms | ActiveRecord: 0.0ms)


Started GET "/assets/scaffolds.self-1e1be218744ffc8b17e080e8c65d69006a0323894de7049c32cd53cec1df7727.css?body=1" for 127.0.0.1 at 2016-10-01 11:14:07 +0530


Started GET "/assets/upload_files.self-e3b0c44298fc1c149afbf4c8996fb92427ae41e4649b934ca495991b7852b855.css?body=1" for 127.0.0.1 at 2016-10-01 11:14:07 +0530


Started GET "/assets/application.self-e80e8f2318043e8af94dddc2adad5a4f09739a8ebb323b3ab31cd71d45fd9113.css?body=1" for 127.0.0.1 at 2016-10-01 11:14:07 +0530


Started GET "/assets/jquery.self-bd7ddd393353a8d2480a622e80342adf488fb6006d667e8b42e4c0073393abee.js?body=1" for 127.0.0.1 at 2016-10-01 11:14:07 +0530


Started GET "/assets/jquery_ujs.self-784a997f6726036b1993eb2217c9cb558e1cbb801c6da88105588c56f13b466a.js?body=1" for 127.0.0.1 at 2016-10-01 11:14:07 +0530


Started GET "/assets/upload_files.self-877aef30ae1b040ab8a3aba4e3e309a11d7f2612f44dde450b5c157aa5f95c05.js?body=1" for 127.0.0.1 at 2016-10-01 11:14:07 +0530


Started GET "/assets/application.self-3b8dabdc891efe46b9a144b400ad69e37d7e5876bdc39dee783419a69d7ca819.js?body=1" for 127.0.0.1 at 2016-10-01 11:14:07 +0530


Started GET "/assets/turbolinks.self-c5acd7a204f5f25ce7a1d8a0e4d92e28d34c9e2df2c7371cd7af88e147e4ad82.js?body=1" for 127.0.0.1 at 2016-10-01 11:14:07 +0530


Started POST "/upload_files" for 127.0.0.1 at 2016-10-01 11:14:26 +0530
Processing by UploadFilesController#create as HTML
  Parameters: {"utf8"=>"✓", "authenticity_token"=>"ZR3kLRZruEf3wvl8zBEs6KioLQ0u6/yG0RrRGCOROFcr0eDFmR6vULZqvCfrlpXhzqHzhEKtWAt49PSY+k55KQ==", "upload_file"=>{"zip_file_a"=>#<ActionDispatch::Http::UploadedFile:0x007fbc5ea4ee40 @tempfile=#<Tempfile:/tmp/RackMultipart20161001-18327-9pqdms.zip>, @original_filename="t.zip", @content_type="application/zip", @headers="Content-Disposition: form-data; name=\"upload_file[zip_file_a]\"; filename=\"t.zip\"\r\nContent-Type: application/zip\r\n">}, "commit"=>"Create Upload file"}
Command :: file -b --mime '/tmp/e358efa489f58062f10dd7316b65649e20161001-18327-ne762a.zip'
Command :: identify -format '%wx%h,%[exif:orientation]' '/tmp/e358efa489f58062f10dd7316b65649e20161001-18327-172swny.zip[0]' 2>/dev/null
[paperclip] An error was received while processing: #<Paperclip::Errors::NotIdentifiedByImageMagickError: Paperclip::Errors::NotIdentifiedByImageMagickError>
Command :: identify -format '%wx%h,%[exif:orientation]' '/tmp/e358efa489f58062f10dd7316b65649e20161001-18327-172swny.zip[0]' 2>/dev/null
[paperclip] An error was received while processing: #<Paperclip::Errors::NotIdentifiedByImageMagickError: Paperclip::Errors::NotIdentifiedByImageMagickError>
  [1m[36m (0.1ms)[0m  [1mbegin transaction[0m
Command :: file -b --mime '/tmp/e358efa489f58062f10dd7316b65649e20161001-18327-3cewyp.zip'
  [1m[35m (0.1ms)[0m  rollback transaction
  Rendered upload_files/_form.html.erb (3.3ms)
  Rendered upload_files/new.html.erb within layouts/application (4.1ms)
Completed 200 OK in 420ms (Views: 22.0ms | ActiveRecord: 0.3ms)


Started POST "/upload_files" for 127.0.0.1 at 2016-10-01 11:15:33 +0530
Processing by UploadFilesController#create as HTML
  Parameters: {"utf8"=>"✓", "authenticity_token"=>"SbX37rSyqrWumii/qUx7pHAuFc+p/m/liQp/nwRr8QQHefMGO8e9ou8ybeSOy8KtFifLRsW4y2gg5Fof3bSweg==", "upload_file"=>{"zip_file_a"=>#<ActionDispatch::Http::UploadedFile:0x007fbc5ee09648 @tempfile=#<Tempfile:/tmp/RackMultipart20161001-18327-u7lb9k.zip>, @original_filename="t.zip", @content_type="application/zip", @headers="Content-Disposition: form-data; name=\"upload_file[zip_file_a]\"; filename=\"t.zip\"\r\nContent-Type: application/zip\r\n">}, "commit"=>"Create Upload file"}
Command :: file -b --mime '/tmp/e358efa489f58062f10dd7316b65649e20161001-18327-fjuav3.zip'
Command :: identify -format '%wx%h,%[exif:orientation]' '/tmp/e358efa489f58062f10dd7316b65649e20161001-18327-8j107v.zip[0]' 2>/dev/null
[paperclip] An error was received while processing: #<Paperclip::Errors::NotIdentifiedByImageMagickError: Paperclip::Errors::NotIdentifiedByImageMagickError>
Command :: identify -format '%wx%h,%[exif:orientation]' '/tmp/e358efa489f58062f10dd7316b65649e20161001-18327-8j107v.zip[0]' 2>/dev/null
[paperclip] An error was received while processing: #<Paperclip::Errors::NotIdentifiedByImageMagickError: Paperclip::Errors::NotIdentifiedByImageMagickError>
  [1m[36m (0.1ms)[0m  [1mbegin transaction[0m
Command :: file -b --mime '/tmp/e358efa489f58062f10dd7316b65649e20161001-18327-19fewpo.zip'
  [1m[35m (0.1ms)[0m  rollback transaction
  Rendered upload_files/_form.html.erb (2.6ms)
  Rendered upload_files/new.html.erb within layouts/application (3.3ms)
Completed 200 OK in 57ms (Views: 19.2ms | ActiveRecord: 0.2ms)


Started POST "/upload_files" for 127.0.0.1 at 2016-10-01 11:18:44 +0530
Processing by UploadFilesController#create as HTML
  Parameters: {"utf8"=>"✓", "authenticity_token"=>"vK0ZdGnwJT3pEKtRjQ36rxD92HRLybnhFPfpKydJN3PyYR2c5oUyKqi47gqqikOmdvQG/SePHWy9Gcyr/pZ2DQ==", "upload_file"=>{"zip_file_a"=>#<ActionDispatch::Http::UploadedFile:0x007fbc5f260980 @tempfile=#<Tempfile:/tmp/RackMultipart20161001-18327-1cxyu3o.zip>, @original_filename="t.zip", @content_type="application/zip", @headers="Content-Disposition: form-data; name=\"upload_file[zip_file_a]\"; filename=\"t.zip\"\r\nContent-Type: application/zip\r\n">}, "commit"=>"Create Upload file"}
Command :: file -b --mime '/tmp/e358efa489f58062f10dd7316b65649e20161001-18327-18z1d1n.zip'
  [1m[36m (0.1ms)[0m  [1mbegin transaction[0m
Command :: file -b --mime '/tmp/e358efa489f58062f10dd7316b65649e20161001-18327-fr9xt0.zip'
  [1m[35mSQL (0.4ms)[0m  INSERT INTO "upload_files" ("zip_file_a_file_name", "zip_file_a_content_type", "zip_file_a_file_size", "zip_file_a_updated_at", "created_at", "updated_at") VALUES (?, ?, ?, ?, ?, ?)  [["zip_file_a_file_name", "t.zip"], ["zip_file_a_content_type", "application/zip"], ["zip_file_a_file_size", 368914], ["zip_file_a_updated_at", "2016-10-01 05:48:44.693775"], ["created_at", "2016-10-01 05:48:44.702152"], ["updated_at", "2016-10-01 05:48:44.702152"]]
  [1m[36m (172.7ms)[0m  [1mcommit transaction[0m
Redirected to http://localhost:3000/upload_files/1
Completed 302 Found in 205ms (ActiveRecord: 173.8ms)


Started GET "/upload_files/1" for 127.0.0.1 at 2016-10-01 11:18:44 +0530
Processing by UploadFilesController#show as HTML
  Parameters: {"id"=>"1"}
  [1m[35mUploadFile Load (0.2ms)[0m  SELECT  "upload_files".* FROM "upload_files" WHERE "upload_files"."id" = ? LIMIT 1  [["id", 1]]
  Rendered upload_files/show.html.erb within layouts/application (1.4ms)
Completed 200 OK in 86ms (Views: 17.8ms | ActiveRecord: 0.2ms)


Started GET "/upload_files/1" for 127.0.0.1 at 2016-10-01 11:20:22 +0530
Processing by UploadFilesController#show as HTML
  Parameters: {"id"=>"1"}
  [1m[36mUploadFile Load (0.2ms)[0m  [1mSELECT  "upload_files".* FROM "upload_files" WHERE "upload_files"."id" = ? LIMIT 1[0m  [["id", 1]]
  Rendered upload_files/show.html.erb within layouts/application (1.1ms)
Completed 200 OK in 28ms (Views: 25.9ms | ActiveRecord: 0.2ms)


Started GET "/assets/scaffolds.self-1e1be218744ffc8b17e080e8c65d69006a0323894de7049c32cd53cec1df7727.css?body=1" for 127.0.0.1 at 2016-10-01 11:20:22 +0530


Started GET "/assets/upload_files.self-e3b0c44298fc1c149afbf4c8996fb92427ae41e4649b934ca495991b7852b855.css?body=1" for 127.0.0.1 at 2016-10-01 11:20:22 +0530


Started GET "/assets/application.self-e80e8f2318043e8af94dddc2adad5a4f09739a8ebb323b3ab31cd71d45fd9113.css?body=1" for 127.0.0.1 at 2016-10-01 11:20:22 +0530


Started GET "/assets/jquery.self-bd7ddd393353a8d2480a622e80342adf488fb6006d667e8b42e4c0073393abee.js?body=1" for 127.0.0.1 at 2016-10-01 11:20:23 +0530


Started GET "/assets/turbolinks.self-c5acd7a204f5f25ce7a1d8a0e4d92e28d34c9e2df2c7371cd7af88e147e4ad82.js?body=1" for 127.0.0.1 at 2016-10-01 11:20:23 +0530


Started GET "/assets/application.self-3b8dabdc891efe46b9a144b400ad69e37d7e5876bdc39dee783419a69d7ca819.js?body=1" for 127.0.0.1 at 2016-10-01 11:20:23 +0530


Started GET "/assets/jquery_ujs.self-784a997f6726036b1993eb2217c9cb558e1cbb801c6da88105588c56f13b466a.js?body=1" for 127.0.0.1 at 2016-10-01 11:20:23 +0530


Started GET "/assets/upload_files.self-877aef30ae1b040ab8a3aba4e3e309a11d7f2612f44dde450b5c157aa5f95c05.js?body=1" for 127.0.0.1 at 2016-10-01 11:20:23 +0530


Started GET "/upload_files" for 127.0.0.1 at 2016-10-01 11:20:37 +0530
Processing by UploadFilesController#index as HTML
  [1m[35mUploadFile Load (0.2ms)[0m  SELECT "upload_files".* FROM "upload_files"
  Rendered upload_files/index.html.erb within layouts/application (3.3ms)
Completed 200 OK in 39ms (Views: 38.0ms | ActiveRecord: 0.2ms)


Started GET "/upload_files" for 127.0.0.1 at 2016-10-01 11:21:39 +0530
Processing by UploadFilesController#index as HTML
  [1m[36mUploadFile Load (0.6ms)[0m  [1mSELECT "upload_files".* FROM "upload_files"[0m
  Rendered upload_files/index.html.erb within layouts/application (3.9ms)
Completed 200 OK in 32ms (Views: 29.9ms | ActiveRecord: 0.6ms)


Started GET "/assets/scaffolds.self-1e1be218744ffc8b17e080e8c65d69006a0323894de7049c32cd53cec1df7727.css?body=1" for 127.0.0.1 at 2016-10-01 11:21:39 +0530


Started GET "/assets/upload_files.self-e3b0c44298fc1c149afbf4c8996fb92427ae41e4649b934ca495991b7852b855.css?body=1" for 127.0.0.1 at 2016-10-01 11:21:39 +0530


Started GET "/assets/jquery.self-bd7ddd393353a8d2480a622e80342adf488fb6006d667e8b42e4c0073393abee.js?body=1" for 127.0.0.1 at 2016-10-01 11:21:39 +0530


Started GET "/assets/application.self-e80e8f2318043e8af94dddc2adad5a4f09739a8ebb323b3ab31cd71d45fd9113.css?body=1" for 127.0.0.1 at 2016-10-01 11:21:39 +0530


Started GET "/assets/jquery_ujs.self-784a997f6726036b1993eb2217c9cb558e1cbb801c6da88105588c56f13b466a.js?body=1" for 127.0.0.1 at 2016-10-01 11:21:39 +0530


Started GET "/assets/upload_files.self-877aef30ae1b040ab8a3aba4e3e309a11d7f2612f44dde450b5c157aa5f95c05.js?body=1" for 127.0.0.1 at 2016-10-01 11:21:39 +0530


Started GET "/assets/application.self-3b8dabdc891efe46b9a144b400ad69e37d7e5876bdc39dee783419a69d7ca819.js?body=1" for 127.0.0.1 at 2016-10-01 11:21:39 +0530


Started GET "/assets/turbolinks.self-c5acd7a204f5f25ce7a1d8a0e4d92e28d34c9e2df2c7371cd7af88e147e4ad82.js?body=1" for 127.0.0.1 at 2016-10-01 11:21:39 +0530


Started GET "/upload_files/1" for 127.0.0.1 at 2016-10-01 11:21:42 +0530
Processing by UploadFilesController#show as HTML
  Parameters: {"id"=>"1"}
  [1m[35mUploadFile Load (0.1ms)[0m  SELECT  "upload_files".* FROM "upload_files" WHERE "upload_files"."id" = ? LIMIT 1  [["id", 1]]
  Rendered upload_files/show.html.erb within layouts/application (1.2ms)
Completed 200 OK in 36ms (Views: 34.8ms | ActiveRecord: 0.1ms)


Started GET "/upload_files/new" for 127.0.0.1 at 2016-10-01 11:23:00 +0530
Processing by UploadFilesController#new as HTML
  Rendered upload_files/_form.html.erb (4.0ms)
  Rendered upload_files/new.html.erb within layouts/application (7.3ms)
Completed 200 OK in 62ms (Views: 38.2ms | ActiveRecord: 1.0ms)


Started POST "/upload_files" for 127.0.0.1 at 2016-10-01 11:23:05 +0530
Processing by UploadFilesController#create as HTML
  Parameters: {"utf8"=>"✓", "authenticity_token"=>"fPFnYfZPPkCaJQ5/D0PHmQIZTeY/T7M8h88eKdO8aXQyPWOJeTopV9uNSyQoxH6QZBCTb1MJF7EuITupCmMoCg==", "upload_file"=>{"zip_file_a"=>#<ActionDispatch::Http::UploadedFile:0x007fbc5df576b8 @tempfile=#<Tempfile:/tmp/RackMultipart20161001-18327-vp4mlo.zip>, @original_filename="t.zip", @content_type="application/zip", @headers="Content-Disposition: form-data; name=\"upload_file[zip_file_a]\"; filename=\"t.zip\"\r\nContent-Type: application/zip\r\n">}, "commit"=>"Create Upload file"}
Command :: file -b --mime '/tmp/e358efa489f58062f10dd7316b65649e20161001-18327-168gee1.zip'
  [1m[36m (0.1ms)[0m  [1mbegin transaction[0m
Command :: file -b --mime '/tmp/e358efa489f58062f10dd7316b65649e20161001-18327-syum9k.zip'
  [1m[35mSQL (1.3ms)[0m  INSERT INTO "upload_files" ("zip_file_a_file_name", "zip_file_a_content_type", "zip_file_a_file_size", "zip_file_a_updated_at", "created_at", "updated_at") VALUES (?, ?, ?, ?, ?, ?)  [["zip_file_a_file_name", "t.zip"], ["zip_file_a_content_type", "application/zip"], ["zip_file_a_file_size", 368914], ["zip_file_a_updated_at", "2016-10-01 05:53:05.454106"], ["created_at", "2016-10-01 05:53:05.465366"], ["updated_at", "2016-10-01 05:53:05.465366"]]
  [1m[36m (159.8ms)[0m  [1mcommit transaction[0m
Redirected to http://localhost:3000/upload_files
Completed 302 Found in 194ms (ActiveRecord: 161.2ms)


Started GET "/upload_files" for 127.0.0.1 at 2016-10-01 11:23:05 +0530
Processing by UploadFilesController#index as HTML
  [1m[35mUploadFile Load (0.2ms)[0m  SELECT "upload_files".* FROM "upload_files"
  Rendered upload_files/index.html.erb within layouts/application (1.7ms)
Completed 200 OK in 28ms (Views: 26.8ms | ActiveRecord: 0.2ms)


Started GET "/upload_files/1" for 127.0.0.1 at 2016-10-01 11:23:09 +0530
Processing by UploadFilesController#show as HTML
  Parameters: {"id"=>"1"}
  [1m[36mUploadFile Load (0.4ms)[0m  [1mSELECT  "upload_files".* FROM "upload_files" WHERE "upload_files"."id" = ? LIMIT 1[0m  [["id", 1]]
  Rendered upload_files/show.html.erb within layouts/application (0.9ms)
Completed 200 OK in 37ms (Views: 34.1ms | ActiveRecord: 0.4ms)


Started GET "/upload_files" for 127.0.0.1 at 2016-10-01 11:27:52 +0530
  [1m[36mActiveRecord::SchemaMigration Load (0.1ms)[0m  [1mSELECT "schema_migrations".* FROM "schema_migrations"[0m
Processing by UploadFilesController#index as HTML
  [1m[35mUploadFile Load (0.3ms)[0m  SELECT "upload_files".* FROM "upload_files"
  Rendered upload_files/index.html.erb within layouts/application (12.2ms)
Completed 200 OK in 311ms (Views: 292.6ms | ActiveRecord: 0.8ms)


Started GET "/upload_files/1" for 127.0.0.1 at 2016-10-01 11:27:55 +0530
Processing by UploadFilesController#show as HTML
  Parameters: {"id"=>"1"}
  [1m[36mUploadFile Load (0.3ms)[0m  [1mSELECT  "upload_files".* FROM "upload_files" WHERE "upload_files"."id" = ? LIMIT 1[0m  [["id", 1]]
Completed 500 Internal Server Error in 15ms (ActiveRecord: 0.3ms)

TypeError (no implicit conversion of Paperclip::Attachment into String):
  app/controllers/upload_files_controller.rb:13:in `show'


  Rendered /home/harry/.rvm/gems/ruby-2.2.1/gems/actionpack-4.2.4/lib/action_dispatch/middleware/templates/rescues/_source.erb (6.7ms)
  Rendered /home/harry/.rvm/gems/ruby-2.2.1/gems/actionpack-4.2.4/lib/action_dispatch/middleware/templates/rescues/_trace.html.erb (2.8ms)
  Rendered /home/harry/.rvm/gems/ruby-2.2.1/gems/actionpack-4.2.4/lib/action_dispatch/middleware/templates/rescues/_request_and_response.html.erb (1.1ms)
  Rendered /home/harry/.rvm/gems/ruby-2.2.1/gems/actionpack-4.2.4/lib/action_dispatch/middleware/templates/rescues/diagnostics.html.erb within rescues/layout (32.2ms)
  Rendered /home/harry/.rvm/gems/ruby-2.2.1/gems/web-console-2.3.0/lib/web_console/templates/_markup.html.erb (0.5ms)
  Rendered /home/harry/.rvm/gems/ruby-2.2.1/gems/web-console-2.3.0/lib/web_console/templates/_inner_console_markup.html.erb within layouts/inlined_string (0.4ms)
  Rendered /home/harry/.rvm/gems/ruby-2.2.1/gems/web-console-2.3.0/lib/web_console/templates/_prompt_box_markup.html.erb within layouts/inlined_string (0.4ms)
  Rendered /home/harry/.rvm/gems/ruby-2.2.1/gems/web-console-2.3.0/lib/web_console/templates/style.css.erb within layouts/inlined_string (0.5ms)
  Rendered /home/harry/.rvm/gems/ruby-2.2.1/gems/web-console-2.3.0/lib/web_console/templates/console.js.erb within layouts/javascript (42.8ms)
  Rendered /home/harry/.rvm/gems/ruby-2.2.1/gems/web-console-2.3.0/lib/web_console/templates/main.js.erb within layouts/javascript (0.4ms)
  Rendered /home/harry/.rvm/gems/ruby-2.2.1/gems/web-console-2.3.0/lib/web_console/templates/error_page.js.erb within layouts/javascript (0.5ms)
  Rendered /home/harry/.rvm/gems/ruby-2.2.1/gems/web-console-2.3.0/lib/web_console/templates/index.html.erb (86.5ms)


Started GET "/upload_files/1" for 127.0.0.1 at 2016-10-01 11:30:06 +0530
Processing by UploadFilesController#show as HTML
  Parameters: {"id"=>"1"}
  [1m[35mUploadFile Load (0.2ms)[0m  SELECT  "upload_files".* FROM "upload_files" WHERE "upload_files"."id" = ? LIMIT 1  [["id", 1]]
Completed 500 Internal Server Error in 43ms (ActiveRecord: 0.8ms)

Zip::Error (File /system/upload_files/zip_file_as/000/000/001/original/t.zip?1475300924 not found):
  app/controllers/upload_files_controller.rb:13:in `show'


  Rendered /home/harry/.rvm/gems/ruby-2.2.1/gems/actionpack-4.2.4/lib/action_dispatch/middleware/templates/rescues/_source.erb (5.4ms)
  Rendered /home/harry/.rvm/gems/ruby-2.2.1/gems/actionpack-4.2.4/lib/action_dispatch/middleware/templates/rescues/_trace.html.erb (2.5ms)
  Rendered /home/harry/.rvm/gems/ruby-2.2.1/gems/actionpack-4.2.4/lib/action_dispatch/middleware/templates/rescues/_request_and_response.html.erb (1.9ms)
  Rendered /home/harry/.rvm/gems/ruby-2.2.1/gems/actionpack-4.2.4/lib/action_dispatch/middleware/templates/rescues/diagnostics.html.erb within rescues/layout (29.6ms)
  Rendered /home/harry/.rvm/gems/ruby-2.2.1/gems/web-console-2.3.0/lib/web_console/templates/_markup.html.erb (0.4ms)
  Rendered /home/harry/.rvm/gems/ruby-2.2.1/gems/web-console-2.3.0/lib/web_console/templates/_inner_console_markup.html.erb within layouts/inlined_string (0.3ms)
  Rendered /home/harry/.rvm/gems/ruby-2.2.1/gems/web-console-2.3.0/lib/web_console/templates/_prompt_box_markup.html.erb within layouts/inlined_string (0.3ms)
  Rendered /home/harry/.rvm/gems/ruby-2.2.1/gems/web-console-2.3.0/lib/web_console/templates/style.css.erb within layouts/inlined_string (0.4ms)
  Rendered /home/harry/.rvm/gems/ruby-2.2.1/gems/web-console-2.3.0/lib/web_console/templates/console.js.erb within layouts/javascript (20.3ms)
  Rendered /home/harry/.rvm/gems/ruby-2.2.1/gems/web-console-2.3.0/lib/web_console/templates/main.js.erb within layouts/javascript (0.3ms)
  Rendered /home/harry/.rvm/gems/ruby-2.2.1/gems/web-console-2.3.0/lib/web_console/templates/error_page.js.erb within layouts/javascript (0.6ms)
  Rendered /home/harry/.rvm/gems/ruby-2.2.1/gems/web-console-2.3.0/lib/web_console/templates/index.html.erb (42.6ms)


Started GET "/upload_files/1" for 127.0.0.1 at 2016-10-01 11:31:32 +0530
Processing by UploadFilesController#show as HTML
  Parameters: {"id"=>"1"}
  [1m[36mUploadFile Load (0.2ms)[0m  [1mSELECT  "upload_files".* FROM "upload_files" WHERE "upload_files"."id" = ? LIMIT 1[0m  [["id", 1]]
Completed 500 Internal Server Error in 14ms (ActiveRecord: 0.8ms)

Zip::Error (File /system/upload_files/zip_file_as/000/000/001/original/t.zip?1475300924 not found):
  app/controllers/upload_files_controller.rb:13:in `show'


  Rendered /home/harry/.rvm/gems/ruby-2.2.1/gems/actionpack-4.2.4/lib/action_dispatch/middleware/templates/rescues/_source.erb (5.6ms)
  Rendered /home/harry/.rvm/gems/ruby-2.2.1/gems/actionpack-4.2.4/lib/action_dispatch/middleware/templates/rescues/_trace.html.erb (3.0ms)
  Rendered /home/harry/.rvm/gems/ruby-2.2.1/gems/actionpack-4.2.4/lib/action_dispatch/middleware/templates/rescues/_request_and_response.html.erb (1.3ms)
  Rendered /home/harry/.rvm/gems/ruby-2.2.1/gems/actionpack-4.2.4/lib/action_dispatch/middleware/templates/rescues/diagnostics.html.erb within rescues/layout (28.0ms)
  Rendered /home/harry/.rvm/gems/ruby-2.2.1/gems/web-console-2.3.0/lib/web_console/templates/_markup.html.erb (0.4ms)
  Rendered /home/harry/.rvm/gems/ruby-2.2.1/gems/web-console-2.3.0/lib/web_console/templates/_inner_console_markup.html.erb within layouts/inlined_string (0.4ms)
  Rendered /home/harry/.rvm/gems/ruby-2.2.1/gems/web-console-2.3.0/lib/web_console/templates/_prompt_box_markup.html.erb within layouts/inlined_string (0.3ms)
  Rendered /home/harry/.rvm/gems/ruby-2.2.1/gems/web-console-2.3.0/lib/web_console/templates/style.css.erb within layouts/inlined_string (0.4ms)
  Rendered /home/harry/.rvm/gems/ruby-2.2.1/gems/web-console-2.3.0/lib/web_console/templates/console.js.erb within layouts/javascript (21.7ms)
  Rendered /home/harry/.rvm/gems/ruby-2.2.1/gems/web-console-2.3.0/lib/web_console/templates/main.js.erb within layouts/javascript (0.3ms)
  Rendered /home/harry/.rvm/gems/ruby-2.2.1/gems/web-console-2.3.0/lib/web_console/templates/error_page.js.erb within layouts/javascript (0.7ms)
  Rendered /home/harry/.rvm/gems/ruby-2.2.1/gems/web-console-2.3.0/lib/web_console/templates/index.html.erb (43.1ms)
  [1m[36mUploadFile Load (0.2ms)[0m  [1mSELECT  "upload_files".* FROM "upload_files"  ORDER BY "upload_files"."id" DESC LIMIT 1[0m
  [1m[35mUploadFile Load (0.3ms)[0m  SELECT  "upload_files".* FROM "upload_files"  ORDER BY "upload_files"."id" DESC LIMIT 1
  [1m[36mUploadFile Load (0.3ms)[0m  [1mSELECT  "upload_files".* FROM "upload_files"  ORDER BY "upload_files"."id" DESC LIMIT 1[0m
  [1m[35mUploadFile Load (0.3ms)[0m  SELECT  "upload_files".* FROM "upload_files"  ORDER BY "upload_files"."id" DESC LIMIT 1


Started GET "/upload_files/1" for 127.0.0.1 at 2016-10-01 11:36:20 +0530
Processing by UploadFilesController#show as HTML
  Parameters: {"id"=>"1"}
  [1m[35mUploadFile Load (0.2ms)[0m  SELECT  "upload_files".* FROM "upload_files" WHERE "upload_files"."id" = ? LIMIT 1  [["id", 1]]
Completed 500 Internal Server Error in 15ms (ActiveRecord: 1.0ms)

Zip::Error (File /home/harry/railsworkspace/test_project/public//system/upload_files/zip_file_as/000/000/001/original/t.zip?1475300924 not found):
  app/controllers/upload_files_controller.rb:13:in `show'


  Rendered /home/harry/.rvm/gems/ruby-2.2.1/gems/actionpack-4.2.4/lib/action_dispatch/middleware/templates/rescues/_source.erb (5.7ms)
  Rendered /home/harry/.rvm/gems/ruby-2.2.1/gems/actionpack-4.2.4/lib/action_dispatch/middleware/templates/rescues/_trace.html.erb (2.7ms)
  Rendered /home/harry/.rvm/gems/ruby-2.2.1/gems/actionpack-4.2.4/lib/action_dispatch/middleware/templates/rescues/_request_and_response.html.erb (1.2ms)
  Rendered /home/harry/.rvm/gems/ruby-2.2.1/gems/actionpack-4.2.4/lib/action_dispatch/middleware/templates/rescues/diagnostics.html.erb within rescues/layout (28.3ms)
  Rendered /home/harry/.rvm/gems/ruby-2.2.1/gems/web-console-2.3.0/lib/web_console/templates/_markup.html.erb (0.5ms)
  Rendered /home/harry/.rvm/gems/ruby-2.2.1/gems/web-console-2.3.0/lib/web_console/templates/_inner_console_markup.html.erb within layouts/inlined_string (0.9ms)
  Rendered /home/harry/.rvm/gems/ruby-2.2.1/gems/web-console-2.3.0/lib/web_console/templates/_prompt_box_markup.html.erb within layouts/inlined_string (0.3ms)
  Rendered /home/harry/.rvm/gems/ruby-2.2.1/gems/web-console-2.3.0/lib/web_console/templates/style.css.erb within layouts/inlined_string (0.4ms)
  Rendered /home/harry/.rvm/gems/ruby-2.2.1/gems/web-console-2.3.0/lib/web_console/templates/console.js.erb within layouts/javascript (22.4ms)
  Rendered /home/harry/.rvm/gems/ruby-2.2.1/gems/web-console-2.3.0/lib/web_console/templates/main.js.erb within layouts/javascript (0.5ms)
  Rendered /home/harry/.rvm/gems/ruby-2.2.1/gems/web-console-2.3.0/lib/web_console/templates/error_page.js.erb within layouts/javascript (0.4ms)
  Rendered /home/harry/.rvm/gems/ruby-2.2.1/gems/web-console-2.3.0/lib/web_console/templates/index.html.erb (43.5ms)
  [1m[36mUploadFile Load (0.4ms)[0m  [1mSELECT  "upload_files".* FROM "upload_files"  ORDER BY "upload_files"."id" DESC LIMIT 1[0m


Started GET "/upload_files/1" for 127.0.0.1 at 2016-10-01 11:38:03 +0530
Processing by UploadFilesController#show as HTML
  Parameters: {"id"=>"1"}
  [1m[36mUploadFile Load (0.3ms)[0m  [1mSELECT  "upload_files".* FROM "upload_files" WHERE "upload_files"."id" = ? LIMIT 1[0m  [["id", 1]]
Completed 500 Internal Server Error in 13ms (ActiveRecord: 0.8ms)

Zip::Error (File /home/harry/railsworkspace/test_project/public//home/harry/railsworkspace/test_project/public/system/upload_files/zip_file_as/000/000/001/original/t.zip not found):
  app/controllers/upload_files_controller.rb:13:in `show'


  Rendered /home/harry/.rvm/gems/ruby-2.2.1/gems/actionpack-4.2.4/lib/action_dispatch/middleware/templates/rescues/_source.erb (5.5ms)
  Rendered /home/harry/.rvm/gems/ruby-2.2.1/gems/actionpack-4.2.4/lib/action_dispatch/middleware/templates/rescues/_trace.html.erb (3.1ms)
  Rendered /home/harry/.rvm/gems/ruby-2.2.1/gems/actionpack-4.2.4/lib/action_dispatch/middleware/templates/rescues/_request_and_response.html.erb (1.2ms)
  Rendered /home/harry/.rvm/gems/ruby-2.2.1/gems/actionpack-4.2.4/lib/action_dispatch/middleware/templates/rescues/diagnostics.html.erb within rescues/layout (28.0ms)
  Rendered /home/harry/.rvm/gems/ruby-2.2.1/gems/web-console-2.3.0/lib/web_console/templates/_markup.html.erb (0.4ms)
  Rendered /home/harry/.rvm/gems/ruby-2.2.1/gems/web-console-2.3.0/lib/web_console/templates/_inner_console_markup.html.erb within layouts/inlined_string (0.3ms)
  Rendered /home/harry/.rvm/gems/ruby-2.2.1/gems/web-console-2.3.0/lib/web_console/templates/_prompt_box_markup.html.erb within layouts/inlined_string (0.3ms)
  Rendered /home/harry/.rvm/gems/ruby-2.2.1/gems/web-console-2.3.0/lib/web_console/templates/style.css.erb within layouts/inlined_string (0.3ms)
  Rendered /home/harry/.rvm/gems/ruby-2.2.1/gems/web-console-2.3.0/lib/web_console/templates/console.js.erb within layouts/javascript (20.3ms)
  Rendered /home/harry/.rvm/gems/ruby-2.2.1/gems/web-console-2.3.0/lib/web_console/templates/main.js.erb within layouts/javascript (0.3ms)
  Rendered /home/harry/.rvm/gems/ruby-2.2.1/gems/web-console-2.3.0/lib/web_console/templates/error_page.js.erb within layouts/javascript (0.5ms)
  Rendered /home/harry/.rvm/gems/ruby-2.2.1/gems/web-console-2.3.0/lib/web_console/templates/index.html.erb (41.0ms)


Started GET "/upload_files/1" for 127.0.0.1 at 2016-10-01 11:38:25 +0530
Processing by UploadFilesController#show as HTML
  Parameters: {"id"=>"1"}
  [1m[35mUploadFile Load (0.2ms)[0m  SELECT  "upload_files".* FROM "upload_files" WHERE "upload_files"."id" = ? LIMIT 1  [["id", 1]]
  Rendered upload_files/show.html.erb within layouts/application (1.4ms)
Completed 200 OK in 30ms (Views: 18.9ms | ActiveRecord: 0.8ms)


Started GET "/assets/scaffolds.self-1e1be218744ffc8b17e080e8c65d69006a0323894de7049c32cd53cec1df7727.css?body=1" for 127.0.0.1 at 2016-10-01 11:38:25 +0530


Started GET "/assets/upload_files.self-e3b0c44298fc1c149afbf4c8996fb92427ae41e4649b934ca495991b7852b855.css?body=1" for 127.0.0.1 at 2016-10-01 11:38:25 +0530


Started GET "/assets/application.self-e80e8f2318043e8af94dddc2adad5a4f09739a8ebb323b3ab31cd71d45fd9113.css?body=1" for 127.0.0.1 at 2016-10-01 11:38:25 +0530


Started GET "/assets/jquery.self-bd7ddd393353a8d2480a622e80342adf488fb6006d667e8b42e4c0073393abee.js?body=1" for 127.0.0.1 at 2016-10-01 11:38:25 +0530


Started GET "/assets/turbolinks.self-c5acd7a204f5f25ce7a1d8a0e4d92e28d34c9e2df2c7371cd7af88e147e4ad82.js?body=1" for 127.0.0.1 at 2016-10-01 11:38:25 +0530


Started GET "/assets/jquery_ujs.self-784a997f6726036b1993eb2217c9cb558e1cbb801c6da88105588c56f13b466a.js?body=1" for 127.0.0.1 at 2016-10-01 11:38:25 +0530


Started GET "/assets/upload_files.self-877aef30ae1b040ab8a3aba4e3e309a11d7f2612f44dde450b5c157aa5f95c05.js?body=1" for 127.0.0.1 at 2016-10-01 11:38:25 +0530


Started GET "/assets/application.self-3b8dabdc891efe46b9a144b400ad69e37d7e5876bdc39dee783419a69d7ca819.js?body=1" for 127.0.0.1 at 2016-10-01 11:38:25 +0530


Started GET "/upload_files/1" for 127.0.0.1 at 2016-10-01 11:51:58 +0530
Processing by UploadFilesController#show as HTML
  Parameters: {"id"=>"1"}
  [1m[36mUploadFile Load (0.2ms)[0m  [1mSELECT  "upload_files".* FROM "upload_files" WHERE "upload_files"."id" = ? LIMIT 1[0m  [["id", 1]]
  Rendered upload_files/show.html.erb within layouts/application (0.7ms)
Completed 200 OK in 26ms (Views: 15.5ms | ActiveRecord: 0.8ms)


Started GET "/assets/scaffolds.self-1e1be218744ffc8b17e080e8c65d69006a0323894de7049c32cd53cec1df7727.css?body=1" for 127.0.0.1 at 2016-10-01 11:51:58 +0530


Started GET "/assets/upload_files.self-e3b0c44298fc1c149afbf4c8996fb92427ae41e4649b934ca495991b7852b855.css?body=1" for 127.0.0.1 at 2016-10-01 11:51:58 +0530


Started GET "/assets/application.self-e80e8f2318043e8af94dddc2adad5a4f09739a8ebb323b3ab31cd71d45fd9113.css?body=1" for 127.0.0.1 at 2016-10-01 11:51:58 +0530


Started GET "/assets/jquery.self-bd7ddd393353a8d2480a622e80342adf488fb6006d667e8b42e4c0073393abee.js?body=1" for 127.0.0.1 at 2016-10-01 11:51:58 +0530


Started GET "/assets/jquery_ujs.self-784a997f6726036b1993eb2217c9cb558e1cbb801c6da88105588c56f13b466a.js?body=1" for 127.0.0.1 at 2016-10-01 11:51:58 +0530


Started GET "/assets/upload_files.self-877aef30ae1b040ab8a3aba4e3e309a11d7f2612f44dde450b5c157aa5f95c05.js?body=1" for 127.0.0.1 at 2016-10-01 11:51:58 +0530


Started GET "/assets/application.self-3b8dabdc891efe46b9a144b400ad69e37d7e5876bdc39dee783419a69d7ca819.js?body=1" for 127.0.0.1 at 2016-10-01 11:51:58 +0530


Started GET "/assets/turbolinks.self-c5acd7a204f5f25ce7a1d8a0e4d92e28d34c9e2df2c7371cd7af88e147e4ad82.js?body=1" for 127.0.0.1 at 2016-10-01 11:51:58 +0530


Started GET "/upload_files/1" for 127.0.0.1 at 2016-10-01 11:53:09 +0530
Processing by UploadFilesController#show as HTML
  Parameters: {"id"=>"1"}
  [1m[35mUploadFile Load (0.2ms)[0m  SELECT  "upload_files".* FROM "upload_files" WHERE "upload_files"."id" = ? LIMIT 1  [["id", 1]]
  Rendered upload_files/show.html.erb within layouts/application (1.8ms)
Completed 500 Internal Server Error in 8ms (ActiveRecord: 0.2ms)

SyntaxError (/home/harry/railsworkspace/test_project/app/views/upload_files/show.html.erb:13: syntax error, unexpected keyword_ensure, expecting end-of-input):
  app/views/upload_files/show.html.erb:13: syntax error, unexpected keyword_ensure, expecting end-of-input


  Rendered /home/harry/.rvm/gems/ruby-2.2.1/gems/actionpack-4.2.4/lib/action_dispatch/middleware/templates/rescues/_source.erb (7.4ms)
  Rendered /home/harry/.rvm/gems/ruby-2.2.1/gems/actionpack-4.2.4/lib/action_dispatch/middleware/templates/rescues/_trace.html.erb (3.0ms)
  Rendered /home/harry/.rvm/gems/ruby-2.2.1/gems/actionpack-4.2.4/lib/action_dispatch/middleware/templates/rescues/_request_and_response.html.erb (1.1ms)
  Rendered /home/harry/.rvm/gems/ruby-2.2.1/gems/actionpack-4.2.4/lib/action_dispatch/middleware/templates/rescues/diagnostics.html.erb within rescues/layout (29.4ms)
  Rendered /home/harry/.rvm/gems/ruby-2.2.1/gems/web-console-2.3.0/lib/web_console/templates/_markup.html.erb (0.4ms)
  Rendered /home/harry/.rvm/gems/ruby-2.2.1/gems/web-console-2.3.0/lib/web_console/templates/_inner_console_markup.html.erb within layouts/inlined_string (0.4ms)
  Rendered /home/harry/.rvm/gems/ruby-2.2.1/gems/web-console-2.3.0/lib/web_console/templates/_prompt_box_markup.html.erb within layouts/inlined_string (0.3ms)
  Rendered /home/harry/.rvm/gems/ruby-2.2.1/gems/web-console-2.3.0/lib/web_console/templates/style.css.erb within layouts/inlined_string (0.3ms)
  Rendered /home/harry/.rvm/gems/ruby-2.2.1/gems/web-console-2.3.0/lib/web_console/templates/console.js.erb within layouts/javascript (20.1ms)
  Rendered /home/harry/.rvm/gems/ruby-2.2.1/gems/web-console-2.3.0/lib/web_console/templates/main.js.erb within layouts/javascript (0.3ms)
  Rendered /home/harry/.rvm/gems/ruby-2.2.1/gems/web-console-2.3.0/lib/web_console/templates/error_page.js.erb within layouts/javascript (0.5ms)
  Rendered /home/harry/.rvm/gems/ruby-2.2.1/gems/web-console-2.3.0/lib/web_console/templates/index.html.erb (40.6ms)


Started GET "/upload_files/1" for 127.0.0.1 at 2016-10-01 11:53:26 +0530
Processing by UploadFilesController#show as HTML
  Parameters: {"id"=>"1"}
  [1m[36mUploadFile Load (0.1ms)[0m  [1mSELECT  "upload_files".* FROM "upload_files" WHERE "upload_files"."id" = ? LIMIT 1[0m  [["id", 1]]
  Rendered upload_files/show.html.erb within layouts/application (1.3ms)
Completed 500 Internal Server Error in 5ms (ActiveRecord: 0.1ms)

SyntaxError (/home/harry/railsworkspace/test_project/app/views/upload_files/show.html.erb:11: syntax error, unexpected keyword_ensure, expecting end-of-input):
  app/views/upload_files/show.html.erb:11: syntax error, unexpected keyword_ensure, expecting end-of-input


  Rendered /home/harry/.rvm/gems/ruby-2.2.1/gems/actionpack-4.2.4/lib/action_dispatch/middleware/templates/rescues/_source.erb (15.0ms)
  Rendered /home/harry/.rvm/gems/ruby-2.2.1/gems/actionpack-4.2.4/lib/action_dispatch/middleware/templates/rescues/_trace.html.erb (3.8ms)
  Rendered /home/harry/.rvm/gems/ruby-2.2.1/gems/actionpack-4.2.4/lib/action_dispatch/middleware/templates/rescues/_request_and_response.html.erb (1.0ms)
  Rendered /home/harry/.rvm/gems/ruby-2.2.1/gems/actionpack-4.2.4/lib/action_dispatch/middleware/templates/rescues/diagnostics.html.erb within rescues/layout (37.7ms)
  Rendered /home/harry/.rvm/gems/ruby-2.2.1/gems/web-console-2.3.0/lib/web_console/templates/_markup.html.erb (0.5ms)
  Rendered /home/harry/.rvm/gems/ruby-2.2.1/gems/web-console-2.3.0/lib/web_console/templates/_inner_console_markup.html.erb within layouts/inlined_string (0.3ms)
  Rendered /home/harry/.rvm/gems/ruby-2.2.1/gems/web-console-2.3.0/lib/web_console/templates/_prompt_box_markup.html.erb within layouts/inlined_string (0.3ms)
  Rendered /home/harry/.rvm/gems/ruby-2.2.1/gems/web-console-2.3.0/lib/web_console/templates/style.css.erb within layouts/inlined_string (0.3ms)
  Rendered /home/harry/.rvm/gems/ruby-2.2.1/gems/web-console-2.3.0/lib/web_console/templates/console.js.erb within layouts/javascript (20.2ms)
  Rendered /home/harry/.rvm/gems/ruby-2.2.1/gems/web-console-2.3.0/lib/web_console/templates/main.js.erb within layouts/javascript (0.3ms)
  Rendered /home/harry/.rvm/gems/ruby-2.2.1/gems/web-console-2.3.0/lib/web_console/templates/error_page.js.erb within layouts/javascript (0.5ms)
  Rendered /home/harry/.rvm/gems/ruby-2.2.1/gems/web-console-2.3.0/lib/web_console/templates/index.html.erb (41.3ms)


Started GET "/upload_files/1" for 127.0.0.1 at 2016-10-01 11:53:47 +0530
Processing by UploadFilesController#show as HTML
  Parameters: {"id"=>"1"}
  [1m[35mUploadFile Load (0.1ms)[0m  SELECT  "upload_files".* FROM "upload_files" WHERE "upload_files"."id" = ? LIMIT 1  [["id", 1]]
  Rendered upload_files/show.html.erb within layouts/application (22.7ms)
Completed 500 Internal Server Error in 28ms (ActiveRecord: 0.1ms)

ActionView::Template::Error (undefined local variable or method `xml_file_names' for #<#<Class:0x007ff609ed9728>:0x007ff60a650560>):
    2: 
    3: <p>
    4:   <strong>Zip file a:</strong>
    5:   <% xml_file_names.each do |name| %>
    6:   <%= name %>
    7:   <%end%>
    8: </p>
  app/views/upload_files/show.html.erb:5:in `_app_views_upload_files_show_html_erb__962068628597502611_70347356526860'


  Rendered /home/harry/.rvm/gems/ruby-2.2.1/gems/actionpack-4.2.4/lib/action_dispatch/middleware/templates/rescues/_source.erb (7.2ms)
  Rendered /home/harry/.rvm/gems/ruby-2.2.1/gems/actionpack-4.2.4/lib/action_dispatch/middleware/templates/rescues/_trace.html.erb (3.2ms)
  Rendered /home/harry/.rvm/gems/ruby-2.2.1/gems/actionpack-4.2.4/lib/action_dispatch/middleware/templates/rescues/_request_and_response.html.erb (1.1ms)
  Rendered /home/harry/.rvm/gems/ruby-2.2.1/gems/actionpack-4.2.4/lib/action_dispatch/middleware/templates/rescues/template_error.html.erb within rescues/layout (29.7ms)
  Rendered /home/harry/.rvm/gems/ruby-2.2.1/gems/web-console-2.3.0/lib/web_console/templates/_markup.html.erb (0.4ms)
  Rendered /home/harry/.rvm/gems/ruby-2.2.1/gems/web-console-2.3.0/lib/web_console/templates/_inner_console_markup.html.erb within layouts/inlined_string (0.4ms)
  Rendered /home/harry/.rvm/gems/ruby-2.2.1/gems/web-console-2.3.0/lib/web_console/templates/_prompt_box_markup.html.erb within layouts/inlined_string (0.3ms)
  Rendered /home/harry/.rvm/gems/ruby-2.2.1/gems/web-console-2.3.0/lib/web_console/templates/style.css.erb within layouts/inlined_string (0.4ms)
  Rendered /home/harry/.rvm/gems/ruby-2.2.1/gems/web-console-2.3.0/lib/web_console/templates/console.js.erb within layouts/javascript (20.7ms)
  Rendered /home/harry/.rvm/gems/ruby-2.2.1/gems/web-console-2.3.0/lib/web_console/templates/main.js.erb within layouts/javascript (0.3ms)
  Rendered /home/harry/.rvm/gems/ruby-2.2.1/gems/web-console-2.3.0/lib/web_console/templates/error_page.js.erb within layouts/javascript (0.4ms)
  Rendered /home/harry/.rvm/gems/ruby-2.2.1/gems/web-console-2.3.0/lib/web_console/templates/index.html.erb (40.1ms)


Started GET "/upload_files/1" for 127.0.0.1 at 2016-10-01 11:54:19 +0530
Processing by UploadFilesController#show as HTML
  Parameters: {"id"=>"1"}
  [1m[36mUploadFile Load (0.2ms)[0m  [1mSELECT  "upload_files".* FROM "upload_files" WHERE "upload_files"."id" = ? LIMIT 1[0m  [["id", 1]]
  Rendered upload_files/show.html.erb within layouts/application (1.2ms)
Completed 200 OK in 27ms (Views: 15.8ms | ActiveRecord: 0.7ms)


Started GET "/assets/scaffolds.self-1e1be218744ffc8b17e080e8c65d69006a0323894de7049c32cd53cec1df7727.css?body=1" for 127.0.0.1 at 2016-10-01 11:54:19 +0530


Started GET "/assets/upload_files.self-e3b0c44298fc1c149afbf4c8996fb92427ae41e4649b934ca495991b7852b855.css?body=1" for 127.0.0.1 at 2016-10-01 11:54:19 +0530


Started GET "/assets/application.self-e80e8f2318043e8af94dddc2adad5a4f09739a8ebb323b3ab31cd71d45fd9113.css?body=1" for 127.0.0.1 at 2016-10-01 11:54:19 +0530


Started GET "/assets/jquery.self-bd7ddd393353a8d2480a622e80342adf488fb6006d667e8b42e4c0073393abee.js?body=1" for 127.0.0.1 at 2016-10-01 11:54:19 +0530


Started GET "/assets/jquery_ujs.self-784a997f6726036b1993eb2217c9cb558e1cbb801c6da88105588c56f13b466a.js?body=1" for 127.0.0.1 at 2016-10-01 11:54:20 +0530


Started GET "/assets/application.self-3b8dabdc891efe46b9a144b400ad69e37d7e5876bdc39dee783419a69d7ca819.js?body=1" for 127.0.0.1 at 2016-10-01 11:54:20 +0530


Started GET "/assets/turbolinks.self-c5acd7a204f5f25ce7a1d8a0e4d92e28d34c9e2df2c7371cd7af88e147e4ad82.js?body=1" for 127.0.0.1 at 2016-10-01 11:54:20 +0530


Started GET "/assets/upload_files.self-877aef30ae1b040ab8a3aba4e3e309a11d7f2612f44dde450b5c157aa5f95c05.js?body=1" for 127.0.0.1 at 2016-10-01 11:54:20 +0530


Started GET "/upload_files/1" for 127.0.0.1 at 2016-10-01 11:54:47 +0530
Processing by UploadFilesController#show as HTML
  Parameters: {"id"=>"1"}
  [1m[35mUploadFile Load (0.2ms)[0m  SELECT  "upload_files".* FROM "upload_files" WHERE "upload_files"."id" = ? LIMIT 1  [["id", 1]]
  Rendered upload_files/show.html.erb within layouts/application (0.3ms)
Completed 200 OK in 27ms (Views: 15.9ms | ActiveRecord: 0.8ms)


Started GET "/assets/scaffolds.self-1e1be218744ffc8b17e080e8c65d69006a0323894de7049c32cd53cec1df7727.css?body=1" for 127.0.0.1 at 2016-10-01 11:54:47 +0530


Started GET "/assets/upload_files.self-e3b0c44298fc1c149afbf4c8996fb92427ae41e4649b934ca495991b7852b855.css?body=1" for 127.0.0.1 at 2016-10-01 11:54:47 +0530


Started GET "/assets/application.self-e80e8f2318043e8af94dddc2adad5a4f09739a8ebb323b3ab31cd71d45fd9113.css?body=1" for 127.0.0.1 at 2016-10-01 11:54:47 +0530


Started GET "/assets/jquery.self-bd7ddd393353a8d2480a622e80342adf488fb6006d667e8b42e4c0073393abee.js?body=1" for 127.0.0.1 at 2016-10-01 11:54:47 +0530


Started GET "/assets/turbolinks.self-c5acd7a204f5f25ce7a1d8a0e4d92e28d34c9e2df2c7371cd7af88e147e4ad82.js?body=1" for 127.0.0.1 at 2016-10-01 11:54:47 +0530


Started GET "/assets/jquery_ujs.self-784a997f6726036b1993eb2217c9cb558e1cbb801c6da88105588c56f13b466a.js?body=1" for 127.0.0.1 at 2016-10-01 11:54:47 +0530


Started GET "/assets/upload_files.self-877aef30ae1b040ab8a3aba4e3e309a11d7f2612f44dde450b5c157aa5f95c05.js?body=1" for 127.0.0.1 at 2016-10-01 11:54:47 +0530


Started GET "/assets/application.self-3b8dabdc891efe46b9a144b400ad69e37d7e5876bdc39dee783419a69d7ca819.js?body=1" for 127.0.0.1 at 2016-10-01 11:54:47 +0530


Started GET "/upload_files/1" for 127.0.0.1 at 2016-10-01 11:55:08 +0530
Processing by UploadFilesController#show as HTML
  Parameters: {"id"=>"1"}
  [1m[36mUploadFile Load (0.1ms)[0m  [1mSELECT  "upload_files".* FROM "upload_files" WHERE "upload_files"."id" = ? LIMIT 1[0m  [["id", 1]]
  Rendered upload_files/show.html.erb within layouts/application (1.0ms)
Completed 200 OK in 18ms (Views: 16.2ms | ActiveRecord: 0.1ms)


Started GET "/assets/scaffolds.self-1e1be218744ffc8b17e080e8c65d69006a0323894de7049c32cd53cec1df7727.css?body=1" for 127.0.0.1 at 2016-10-01 11:55:08 +0530


Started GET "/assets/upload_files.self-e3b0c44298fc1c149afbf4c8996fb92427ae41e4649b934ca495991b7852b855.css?body=1" for 127.0.0.1 at 2016-10-01 11:55:08 +0530


Started GET "/assets/application.self-e80e8f2318043e8af94dddc2adad5a4f09739a8ebb323b3ab31cd71d45fd9113.css?body=1" for 127.0.0.1 at 2016-10-01 11:55:08 +0530


Started GET "/assets/jquery.self-bd7ddd393353a8d2480a622e80342adf488fb6006d667e8b42e4c0073393abee.js?body=1" for 127.0.0.1 at 2016-10-01 11:55:08 +0530


Started GET "/assets/turbolinks.self-c5acd7a204f5f25ce7a1d8a0e4d92e28d34c9e2df2c7371cd7af88e147e4ad82.js?body=1" for 127.0.0.1 at 2016-10-01 11:55:08 +0530


Started GET "/assets/upload_files.self-877aef30ae1b040ab8a3aba4e3e309a11d7f2612f44dde450b5c157aa5f95c05.js?body=1" for 127.0.0.1 at 2016-10-01 11:55:08 +0530


Started GET "/assets/application.self-3b8dabdc891efe46b9a144b400ad69e37d7e5876bdc39dee783419a69d7ca819.js?body=1" for 127.0.0.1 at 2016-10-01 11:55:08 +0530


Started GET "/assets/jquery_ujs.self-784a997f6726036b1993eb2217c9cb558e1cbb801c6da88105588c56f13b466a.js?body=1" for 127.0.0.1 at 2016-10-01 11:55:08 +0530


Started GET "/upload_files" for 127.0.0.1 at 2016-10-01 12:13:12 +0530
Processing by UploadFilesController#index as HTML
  [1m[35mUploadFile Load (0.3ms)[0m  SELECT "upload_files".* FROM "upload_files"
  Rendered upload_files/index.html.erb within layouts/application (2.5ms)
Completed 200 OK in 29ms (Views: 28.0ms | ActiveRecord: 0.3ms)


Started GET "/upload_files/new" for 127.0.0.1 at 2016-10-01 12:13:20 +0530
Processing by UploadFilesController#new as HTML
  Rendered upload_files/_form.html.erb (174.5ms)
  Rendered upload_files/new.html.erb within layouts/application (176.1ms)
Completed 200 OK in 199ms (Views: 197.3ms | ActiveRecord: 0.0ms)
